# MySQL. Оптимизация производительности. Профилирование. Мониторинг

```sql
-- Подготовим данные
insert into organization values (1, 'organization_1', 'some_address_1', true);
insert into user values (1, 'user', 'email', 'number', null, true, now(), null);

delete from order_item where 1;
delete from kitchen_order where 1;
delete from product where 1;
delete from product_category where 1;

drop procedure if exists insertOrderItems;
DELIMITER //  
create procedure insertOrderItems()   
begin
	declare i int default 1;
	declare categories_count int default 100;
	declare products_count int default 1000;
	declare orders_count int default 10000;
	declare items_count int default 100000;

	while (i <= categories_count) do
		insert into product_category values (i, concat('category_', i), concat('some_category_description_',i), true, 1);
		set i = i+1;
	end while;

	set i = 1;
	while (i <= products_count) do
		insert into product values (i, concat('product_', i), concat('some_product_description_',i), concat('some_code_',i), floor(1 + rand() * 1000), true, floor(1 + rand() * categories_count));
		set i = i+1;
	end while;

	set i = 1;
	while (i <= orders_count) do
		insert into kitchen_order values (i, concat('order_number_', i), floor(1 + rand() * 10000), 'status', '', CURRENT_TIMESTAMP - INTERVAL FLOOR(RAND() * 365 * 24 * 60 *60) SECOND, null, null, 1, null);
		set i = i+1;
	end while;

	set i = 1;
	while (i <= items_count) do
		insert into order_item values (i, concat('item_name_', i), floor(1 + rand() * 1000), floor(1 + rand() * orders_count), floor(1 + rand() * products_count));
		set i = i+1;
	end while;
end;
// 

call insertOrderItems();


-- Делаем составной запрос - выберем самый дорогой товар в категории, добавив к выборке сам продукт, 
-- а также сколько раз этот продукт заказывали в определенный период времени
select 
    max_from_category.category,
    p.name,
    max_from_category.max_price,
	  order_count.count
from product p 
join (select pc.name as category, MAX(p.price) as max_price from product p 
      join product_category pc on p.product_category_id = pc.id 
      group by p.product_category_id) 
as max_from_category on p.price = max_from_category.max_price
join (select p.id as product_id, count(oi.id) as count from order_item oi 
      join product p on oi.product_id = p.id 
      join kitchen_order ko on ko.id = oi.order_id 
      where date(ko.created_date) between '2021-06-01' and '2021-06-30'
      group by p.id) 
as order_count on order_count.product_id = p.id;
```

Посмотри на explain в формате таблицы:
![image](https://user-images.githubusercontent.com/41448520/176115734-70d365bc-e7c3-4724-b897-c54a332b7c81.png)

В формате дерева:
```
-> Nested loop inner join  (cost=215129.50 rows=0)
    -> Nested loop inner join  (cost=2602.00 rows=0)
        -> Table scan on p  (cost=102.00 rows=1000)
        -> Index lookup on max_from_category using <auto_key0> (max_price=p.price)
            -> Materialize  (cost=0.00..0.00 rows=0)
                -> Table scan on <temporary>
                    -> Aggregate using temporary table
                        -> Nested loop inner join  (cost=45.25 rows=100)
                            -> Table scan on pc  (cost=10.25 rows=100)
                            -> Index lookup on p using product_category___fk (product_category_id=pc.id)  (cost=0.25 rows=1)
    -> Index lookup on order_count using <auto_key0> (product_id=p.id)
        -> Materialize  (cost=0.00..0.00 rows=0)
            -> Table scan on <temporary>
                -> Aggregate using temporary table
                    -> Nested loop inner join  (cost=60441.37 rows=85011)
                        -> Nested loop inner join  (cost=30687.51 rows=85011)
                            -> Filter: (cast(ko.created_date as date) between '2021-06-01' and '2021-06-30')  (cost=933.65 rows=9094)
                                -> Table scan on ko  (cost=933.65 rows=9094)
                            -> Index lookup on oi using order_id__index (order_id=ko.id)  (cost=2.34 rows=9)
                        -> Single-row covering index lookup on p using PRIMARY (id=oi.product_id)  (cost=0.25 rows=1)
```

В формате JSON

```json
{
    "query_block": {
        "select_id": 1,
        "cost_info": {
            "query_cost": "301140.50"
        },
        "nested_loop": [
            {
                "table": {
                    "table_name": "p",
                    "access_type": "ALL",
                    "possible_keys": [
                        "PRIMARY"
                    ],
                    "rows_examined_per_scan": 1000,
                    "rows_produced_per_join": 1000,
                    "filtered": "100.00",
                    "cost_info": {
                        "read_cost": "2.00",
                        "eval_cost": "100.00",
                        "prefix_cost": "102.00",
                        "data_read_per_join": "1M"
                    },
                    "used_columns": [
                        "id",
                        "name",
                        "price"
                    ]
                }
            },
            {
                "table": {
                    "table_name": "max_from_category",
                    "access_type": "ref",
                    "possible_keys": [
                        "<auto_key0>"
                    ],
                    "key": "<auto_key0>",
                    "used_key_parts": [
                        "max_price"
                    ],
                    "key_length": "10",
                    "ref": [
                        "kitchen.p.price"
                    ],
                    "rows_examined_per_scan": 10,
                    "rows_produced_per_join": 10000,
                    "filtered": "100.00",
                    "cost_info": {
                        "read_cost": "2500.00",
                        "eval_cost": "1000.00",
                        "prefix_cost": "3602.00",
                        "data_read_per_join": "1M"
                    },
                    "used_columns": [
                        "category",
                        "max_price"
                    ],
                    "materialized_from_subquery": {
                        "using_temporary_table": true,
                        "dependent": false,
                        "cacheable": true,
                        "query_block": {
                            "select_id": 2,
                            "cost_info": {
                                "query_cost": "45.25"
                            },
                            "grouping_operation": {
                                "using_temporary_table": true,
                                "using_filesort": false,
                                "nested_loop": [
                                    {
                                        "table": {
                                            "table_name": "pc",
                                            "access_type": "ALL",
                                            "possible_keys": [
                                                "PRIMARY"
                                            ],
                                            "rows_examined_per_scan": 100,
                                            "rows_produced_per_join": 100,
                                            "filtered": "100.00",
                                            "cost_info": {
                                                "read_cost": "0.25",
                                                "eval_cost": "10.00",
                                                "prefix_cost": "10.25",
                                                "data_read_per_join": "91K"
                                            },
                                            "used_columns": [
                                                "id",
                                                "name"
                                            ]
                                        }
                                    },
                                    {
                                        "table": {
                                            "table_name": "p",
                                            "access_type": "ref",
                                            "possible_keys": [
                                                "product_category___fk"
                                            ],
                                            "key": "product_category___fk",
                                            "used_key_parts": [
                                                "product_category_id"
                                            ],
                                            "key_length": "5",
                                            "ref": [
                                                "kitchen.pc.id"
                                            ],
                                            "rows_examined_per_scan": 1,
                                            "rows_produced_per_join": 100,
                                            "filtered": "100.00",
                                            "cost_info": {
                                                "read_cost": "25.00",
                                                "eval_cost": "10.00",
                                                "prefix_cost": "45.25",
                                                "data_read_per_join": "107K"
                                            },
                                            "used_columns": [
                                                "id",
                                                "price",
                                                "product_category_id"
                                            ]
                                        }
                                    }
                                ]
                            }
                        }
                    }
                }
            },
            {
                "table": {
                    "table_name": "order_count",
                    "access_type": "ref",
                    "possible_keys": [
                        "<auto_key0>"
                    ],
                    "key": "<auto_key0>",
                    "used_key_parts": [
                        "product_id"
                    ],
                    "key_length": "4",
                    "ref": [
                        "kitchen.p.id"
                    ],
                    "rows_examined_per_scan": 85,
                    "rows_produced_per_join": 850110,
                    "filtered": "100.00",
                    "cost_info": {
                        "read_cost": "212527.50",
                        "eval_cost": "85011.00",
                        "prefix_cost": "301140.50",
                        "data_read_per_join": "19M"
                    },
                    "used_columns": [
                        "product_id",
                        "count"
                    ],
                    "materialized_from_subquery": {
                        "using_temporary_table": true,
                        "dependent": false,
                        "cacheable": true,
                        "query_block": {
                            "select_id": 3,
                            "cost_info": {
                                "query_cost": "60441.37"
                            },
                            "grouping_operation": {
                                "using_temporary_table": true,
                                "using_filesort": false,
                                "nested_loop": [
                                    {
                                        "table": {
                                            "table_name": "ko",
                                            "access_type": "ALL",
                                            "possible_keys": [
                                                "PRIMARY"
                                            ],
                                            "rows_examined_per_scan": 9094,
                                            "rows_produced_per_join": 9094,
                                            "filtered": "100.00",
                                            "cost_info": {
                                                "read_cost": "24.25",
                                                "eval_cost": "909.40",
                                                "prefix_cost": "933.65",
                                                "data_read_per_join": "10M"
                                            },
                                            "used_columns": [
                                                "id",
                                                "created_date"
                                            ],
                                            "attached_condition": "(cast(`kitchen`.`ko`.`created_date` as date) between '2021-06-01' and '2021-06-30')"
                                        }
                                    },
                                    {
                                        "table": {
                                            "table_name": "oi",
                                            "access_type": "ref",
                                            "possible_keys": [
                                                "product___fk",
                                                "order_id__index"
                                            ],
                                            "key": "order_id__index",
                                            "used_key_parts": [
                                                "order_id"
                                            ],
                                            "key_length": "4",
                                            "ref": [
                                                "kitchen.ko.id"
                                            ],
                                            "rows_examined_per_scan": 9,
                                            "rows_produced_per_join": 85011,
                                            "filtered": "100.00",
                                            "cost_info": {
                                                "read_cost": "21252.76",
                                                "eval_cost": "8501.10",
                                                "prefix_cost": "30687.51",
                                                "data_read_per_join": "14M"
                                            },
                                            "used_columns": [
                                                "id",
                                                "order_id",
                                                "product_id"
                                            ]
                                        }
                                    },
                                    {
                                        "table": {
                                            "table_name": "p",
                                            "access_type": "eq_ref",
                                            "possible_keys": [
                                                "PRIMARY",
                                                "product_category___fk"
                                            ],
                                            "key": "PRIMARY",
                                            "used_key_parts": [
                                                "id"
                                            ],
                                            "key_length": "4",
                                            "ref": [
                                                "kitchen.oi.product_id"
                                            ],
                                            "rows_examined_per_scan": 1,
                                            "rows_produced_per_join": 85011,
                                            "filtered": "100.00",
                                            "using_index": true,
                                            "cost_info": {
                                                "read_cost": "21252.76",
                                                "eval_cost": "8501.10",
                                                "prefix_cost": "60441.37",
                                                "data_read_per_join": "88M"
                                            },
                                            "used_columns": [
                                                "id"
                                            ]
                                        }
                                    }
                                ]
                            }
                        }
                    }
                }
            }
        ]
    }
}

```

Также JSON можно проанализировать с помощью утилиты https://preetam.github.io/explain-analyzer/#!/explain/
![image](https://user-images.githubusercontent.com/41448520/176116622-dd3fe8dc-7e02-4b7e-89ae-a49b28fbcb33.png)

В итоге в результате анализа explain видно, что основная проблема может возникнуть с таблицей kitchen_order, в которой происходит перебор всех значений при фильтрации по дате.
Таблица с заказами будет постоянно расти, поэтому, если нам потребуется часто проводить анализ с фильтрацией по дате заказов, имеет смысл добавить индекс на столбец created_date

```sql
create index order__create_date_index on kitchen_order (created_date);
```
После добавления индекса видим, что он применяется
![image](https://user-images.githubusercontent.com/41448520/176117390-269a532f-ae2c-497f-b145-18d6e03b5f44.png)
